<!DOCTYPE html>
<html>
<head>

<meta http-equiv="Content-Type" content="text/html; charset=UTF-8" />

<script src="js/jquery.min.js"></script>
<script src="js/jquery.tablesorter.min.js"></script>
<script src="js/Chart.min.js"></script>
<script src="js/moment.min.js"></script>
<script src="js/bootstrap.min.js"></script>

<link rel="stylesheet" href="css/bootstrap.min.css" type="text/css"/>
<link rel="stylesheet" href="css/cucumber.css" type="text/css"/>
<link rel="stylesheet" href="css/font-awesome.min.css"/>
<link rel="shortcut icon" href="images/favicon.png"/>

<script>
$(document).ready(function() {
    // this will tell tablesorter to try looking for the data-value attribute
    // if present, it'll sort by that instead
    // otherwise, it'll sort by the text content of the table cell
    $("#tablesorter").tablesorter({
        textAttribute: 'data-value',
        // ignores the first row of the header, the 'scenario', 'steps', since
        // sorting those doesn't make sense
        selectorHeaders: '> thead tr:not(.dont-sort) th',
        // use a stable sort
        sortStable: true
    });
});
</script>











<title>Cucumber Reports (no 1) - Failures Overview</title>

</head>

<body>

<nav class="navbar navbar-default navbar-fixed-top" id="navigation">
  <div class="container-fluid">
    <div class="collapse navbar-collapse">
      <p class="navbar-text navbar-left">Cucumber Report</p>
      <ul class="nav navbar-nav navbar-right">
        <li role="presentation" ><a href="overview-features.html">Features</a></li>
        <li role="presentation" ><a href="overview-tags.html">Tags</a></li>
        <li role="presentation" ><a href="overview-steps.html">Steps</a></li>
        <li role="presentation"  class="active" ><a href="overview-failures.html">Failures</a></li>
      </ul>
    </div>
  </div>
</nav>


<div class="container-fluid">
  <div class="col-md-5 col-md-offset-1">

<table class="table table-bordered" id="build-info">
  <thead>
    <tr>
      <th>Project</th>
        <th>Number</th>
      <th>Date</th>
    </tr>
  </thead>
  <tbody>
    <tr class="info">
      <td>RedfishAutomation</td>
        <td>1</td>
      <td>26 Mar 2021, 09:55</td>
    </tr>
  </tbody>
</table>

  </div>
  <div class="col-md-3 col-md-offset-2">
  </div>
</div>


<div id="report-lead" class="container-fluid">
  <div class="col-md-10 col-md-offset-1">
    <h2>Failures Overview</h2>
      <p>The following summary displays scenarios that failed.</p>
  </div>
</div>


<div class="container-fluid">
  <div class="row">
    <div class="col-md-1 col-md-offset-10">
      <i class="fa fa-chevron-circle-down fa-2x collapsable-control"
        onClick="javascript:$('#report .collapsable-details').collapse('show')"></i>
      <i class="fa fa-chevron-circle-up fa-2x collapsable-control"
        onClick="javascript:$('#report .collapsable-details').collapse('hide')"></i>
    </div>
  </div>
</div>


<div class="container-fluid" id="report">
  <div class="row">
    <div class="col-md-10 col-md-offset-1">

        <div class="elements">

<div class="element">
    <div class="indention">
      <b>Feature:</b>
      <a href="report-feature_1691774484.html">03.1 Enquiry Management</a>
    </div>


<div class="tags indention">
    <b>Tags:</b>
       <a href="report-tag_454751248.html">@AddDiscounts</a>
       <a href="report-tag_1911707399.html">@AbsenceCN</a>
       <a href="report-tag_2388167675.html">@RegressionMar21</a>
</div>


  <span class="lead-duration duration">36.209</span>


  <span data-toggle="collapse" class=" collapsable-control" data-target="#element-1">

<div class="brief failed">
  <span class="keyword indention">Scenario Outline</span>
  <span class="name">Verify if user is able to add Add Discounts for a child</span>


     <i class="chevron fa fa-fw"></i>
</div>

  </span>
  <div class="description indention"></div>

  <div id="element-1" class="collapse collapsable-details  in ">





<div class="steps inner-level">
  <div data-toggle="collapse" class=" collapsable-control" data-target="#steps-2">

<div class="brief failed">
  <span class="keyword indention">Steps</span>
  <span class="name"></span>


     <i class="chevron fa fa-fw"></i>
</div>

  </div>

  <div id="steps-2" class="inner-level collapse collapsable-details  in ">
      <div class="step">


<div class="brief step-name-Given passed">
  <span class="keyword indention">Given</span>
  <span class="name">Initialize the browser with chrome</span>

  <span class="lead-duration duration">1.749</span>

</div>
















      </div>
      <div class="step">


<div class="brief step-name-And passed">
  <span class="keyword indention">And</span>
  <span class="name">Open Web Application <span class="argument">&quot;redfishUAT&quot;</span></span>

  <span class="lead-duration duration">5.867</span>

</div>
















      </div>
      <div class="step">


<div class="brief step-name-When passed">
  <span class="keyword indention">When</span>
  <span class="name">User enters User Name <span class="argument">&quot;99160101&quot;</span> and Password <span class="argument">&quot;Password01&quot;</span></span>

  <span class="lead-duration duration">1.284</span>

</div>
















      </div>
      <div class="step">


<div class="brief step-name-Then passed">
  <span class="keyword indention">Then</span>
  <span class="name">Verify search functionality with only Parent Name <span class="argument">&quot;ghexum2m@blinklist.com&quot;</span> in search page</span>

  <span class="lead-duration duration">4.458</span>

</div>
















      </div>
      <div class="step">


<div class="brief step-name-Then passed">
  <span class="keyword indention">Then</span>
  <span class="name">Verify Child search functionality with only Parent Email id <span class="argument">&quot;ghexum2m@blinklist.com&quot;</span> in search page</span>

  <span class="lead-duration duration">4.841</span>

</div>
















      </div>
      <div class="step">


<div class="brief step-name-Then passed">
  <span class="keyword indention">Then</span>
  <span class="name">Verify if user is able to click on Discount link</span>

  <span class="lead-duration duration">0.100</span>

</div>
















      </div>
      <div class="step">


<div class="brief step-name-Then passed">
  <span class="keyword indention">Then</span>
  <span class="name">Verify if user is able to add a discount with Start Date <span class="argument">&quot;1/3/2021&quot;</span> End Date <span class="argument">&quot;31/03/2021&quot;</span> NameRate <span class="argument">&quot;10% Sibling Discount  / 10%&quot;</span> and Order <span class="argument">&quot;&lt;Order&gt;&quot;</span></span>

  <span class="lead-duration duration">17.901</span>

</div>
















      </div>
      <div class="step">


<div class="brief step-name-Then failed">
  <span class="keyword indention">Then</span>
  <span class="name">Logout from redfish and close browser</span>

  <span class="lead-duration duration">0.007</span>

</div>






  <div class="inner-level">
    <div class="message indention">
      <div data-toggle="collapse" class=" collapsable-control" data-target="#msg-3">
          <a>org.openqa.selenium.NoSuchSessionException:</a>
      </div>
      <div id="msg-3" class="collapse collapsable-details  in ">
        <pre>org.openqa.selenium.NoSuchSessionException: Session ID is null. Using WebDriver after calling quit()?
Build info: version: '4.0.0-alpha-3', revision: '8c567de6dc'
System info: host: 'MAMISWKSWX11', ip: '10.37.114.48', os.name: 'Windows 10', os.arch: 'amd64', os.version: '10.0', java.version: '15'
Driver info: driver.version: RemoteWebDriver
	at org.openqa.selenium.remote.HttpCommandExecutor.execute(HttpCommandExecutor.java:128)
	at org.openqa.selenium.remote.service.DriverCommandExecutor.execute(DriverCommandExecutor.java:83)
	at org.openqa.selenium.remote.RemoteWebDriver.execute(RemoteWebDriver.java:576)
	at org.openqa.selenium.remote.RemoteWebDriver.findElement(RemoteWebDriver.java:327)
	at org.openqa.selenium.remote.RemoteWebDriver.findElementByCssSelector(RemoteWebDriver.java:435)
	at org.openqa.selenium.By$ByCssSelector.findElement(By.java:496)
	at org.openqa.selenium.remote.RemoteWebDriver.findElement(RemoteWebDriver.java:319)
	at com.redfishCRM.pageObjects.redfishNewRegisterpage.logout(redfishNewRegisterpage.java:71)
	at stepDefinations.StepDefination.Logout_from_redfish_and_close_browser(StepDefination.java:478)
	at &#10045;.Logout from redfish and close browser(file:///C:/Users/99160101/git/RedfishCRMproject/src/test/java/features/EnquiryManagement.feature:350)
</pre>
      </div>
    </div>
  </div>











      </div>
  </div>
</div>





  </div>
</div>


<div class="element">
    <div class="indention">
      <b>Feature:</b>
      <a href="report-feature_1691774484.html">03.1 Enquiry Management</a>
    </div>


<div class="tags indention">
    <b>Tags:</b>
       <a href="report-tag_454751248.html">@AddDiscounts</a>
       <a href="report-tag_1911707399.html">@AbsenceCN</a>
       <a href="report-tag_2388167675.html">@RegressionMar21</a>
</div>


  <span class="lead-duration duration">32.699</span>


  <span data-toggle="collapse" class=" collapsable-control" data-target="#element-4">

<div class="brief failed">
  <span class="keyword indention">Scenario Outline</span>
  <span class="name">Verify if user is able to add Add Discounts for a child</span>


     <i class="chevron fa fa-fw"></i>
</div>

  </span>
  <div class="description indention"></div>

  <div id="element-4" class="collapse collapsable-details  in ">





<div class="steps inner-level">
  <div data-toggle="collapse" class=" collapsable-control" data-target="#steps-5">

<div class="brief failed">
  <span class="keyword indention">Steps</span>
  <span class="name"></span>


     <i class="chevron fa fa-fw"></i>
</div>

  </div>

  <div id="steps-5" class="inner-level collapse collapsable-details  in ">
      <div class="step">


<div class="brief step-name-Given passed">
  <span class="keyword indention">Given</span>
  <span class="name">Initialize the browser with chrome</span>

  <span class="lead-duration duration">1.532</span>

</div>
















      </div>
      <div class="step">


<div class="brief step-name-And passed">
  <span class="keyword indention">And</span>
  <span class="name">Open Web Application <span class="argument">&quot;redfishUAT&quot;</span></span>

  <span class="lead-duration duration">4.537</span>

</div>
















      </div>
      <div class="step">


<div class="brief step-name-When passed">
  <span class="keyword indention">When</span>
  <span class="name">User enters User Name <span class="argument">&quot;99160101&quot;</span> and Password <span class="argument">&quot;Password01&quot;</span></span>

  <span class="lead-duration duration">1.539</span>

</div>
















      </div>
      <div class="step">


<div class="brief step-name-Then passed">
  <span class="keyword indention">Then</span>
  <span class="name">Verify search functionality with only Parent Name <span class="argument">&quot;veiler2p@yelp.com&quot;</span> in search page</span>

  <span class="lead-duration duration">4.165</span>

</div>
















      </div>
      <div class="step">


<div class="brief step-name-Then passed">
  <span class="keyword indention">Then</span>
  <span class="name">Verify Child search functionality with only Parent Email id <span class="argument">&quot;veiler2p@yelp.com&quot;</span> in search page</span>

  <span class="lead-duration duration">4.965</span>

</div>
















      </div>
      <div class="step">


<div class="brief step-name-Then passed">
  <span class="keyword indention">Then</span>
  <span class="name">Verify if user is able to click on Discount link</span>

  <span class="lead-duration duration">1.961</span>

</div>
















      </div>
      <div class="step">


<div class="brief step-name-Then passed">
  <span class="keyword indention">Then</span>
  <span class="name">Verify if user is able to add a discount with Start Date <span class="argument">&quot;1/3/2021&quot;</span> End Date <span class="argument">&quot;31/03/2021&quot;</span> NameRate <span class="argument">&quot;10% Sibling Discount  / 10%&quot;</span> and Order <span class="argument">&quot;&lt;Order&gt;&quot;</span></span>

  <span class="lead-duration duration">13.998</span>

</div>
















      </div>
      <div class="step">


<div class="brief step-name-Then failed">
  <span class="keyword indention">Then</span>
  <span class="name">Logout from redfish and close browser</span>

  <span class="lead-duration duration">0.001</span>

</div>






  <div class="inner-level">
    <div class="message indention">
      <div data-toggle="collapse" class=" collapsable-control" data-target="#msg-6">
          <a>org.openqa.selenium.NoSuchSessionException:</a>
      </div>
      <div id="msg-6" class="collapse collapsable-details  in ">
        <pre>org.openqa.selenium.NoSuchSessionException: Session ID is null. Using WebDriver after calling quit()?
Build info: version: '4.0.0-alpha-3', revision: '8c567de6dc'
System info: host: 'MAMISWKSWX11', ip: '10.37.114.48', os.name: 'Windows 10', os.arch: 'amd64', os.version: '10.0', java.version: '15'
Driver info: driver.version: RemoteWebDriver
	at org.openqa.selenium.remote.HttpCommandExecutor.execute(HttpCommandExecutor.java:128)
	at org.openqa.selenium.remote.service.DriverCommandExecutor.execute(DriverCommandExecutor.java:83)
	at org.openqa.selenium.remote.RemoteWebDriver.execute(RemoteWebDriver.java:576)
	at org.openqa.selenium.remote.RemoteWebDriver.findElement(RemoteWebDriver.java:327)
	at org.openqa.selenium.remote.RemoteWebDriver.findElementByCssSelector(RemoteWebDriver.java:435)
	at org.openqa.selenium.By$ByCssSelector.findElement(By.java:496)
	at org.openqa.selenium.remote.RemoteWebDriver.findElement(RemoteWebDriver.java:319)
	at com.redfishCRM.pageObjects.redfishNewRegisterpage.logout(redfishNewRegisterpage.java:71)
	at stepDefinations.StepDefination.Logout_from_redfish_and_close_browser(StepDefination.java:478)
	at &#10045;.Logout from redfish and close browser(file:///C:/Users/99160101/git/RedfishCRMproject/src/test/java/features/EnquiryManagement.feature:350)
</pre>
      </div>
    </div>
  </div>











      </div>
  </div>
</div>





  </div>
</div>


<div class="element">
    <div class="indention">
      <b>Feature:</b>
      <a href="report-feature_1691774484.html">03.1 Enquiry Management</a>
    </div>


<div class="tags indention">
    <b>Tags:</b>
       <a href="report-tag_454751248.html">@AddDiscounts</a>
       <a href="report-tag_1911707399.html">@AbsenceCN</a>
       <a href="report-tag_2388167675.html">@RegressionMar21</a>
</div>


  <span class="lead-duration duration">34.819</span>


  <span data-toggle="collapse" class=" collapsable-control" data-target="#element-7">

<div class="brief failed">
  <span class="keyword indention">Scenario Outline</span>
  <span class="name">Verify if user is able to add Add Discounts for a child</span>


     <i class="chevron fa fa-fw"></i>
</div>

  </span>
  <div class="description indention"></div>

  <div id="element-7" class="collapse collapsable-details  in ">





<div class="steps inner-level">
  <div data-toggle="collapse" class=" collapsable-control" data-target="#steps-8">

<div class="brief failed">
  <span class="keyword indention">Steps</span>
  <span class="name"></span>


     <i class="chevron fa fa-fw"></i>
</div>

  </div>

  <div id="steps-8" class="inner-level collapse collapsable-details  in ">
      <div class="step">


<div class="brief step-name-Given passed">
  <span class="keyword indention">Given</span>
  <span class="name">Initialize the browser with chrome</span>

  <span class="lead-duration duration">1.528</span>

</div>
















      </div>
      <div class="step">


<div class="brief step-name-And passed">
  <span class="keyword indention">And</span>
  <span class="name">Open Web Application <span class="argument">&quot;redfishUAT&quot;</span></span>

  <span class="lead-duration duration">4.214</span>

</div>
















      </div>
      <div class="step">


<div class="brief step-name-When passed">
  <span class="keyword indention">When</span>
  <span class="name">User enters User Name <span class="argument">&quot;99160101&quot;</span> and Password <span class="argument">&quot;Password01&quot;</span></span>

  <span class="lead-duration duration">1.643</span>

</div>
















      </div>
      <div class="step">


<div class="brief step-name-Then passed">
  <span class="keyword indention">Then</span>
  <span class="name">Verify search functionality with only Parent Name <span class="argument">&quot;creinmar2s@netvibes.com&quot;</span> in search page</span>

  <span class="lead-duration duration">4.186</span>

</div>
















      </div>
      <div class="step">


<div class="brief step-name-Then passed">
  <span class="keyword indention">Then</span>
  <span class="name">Verify Child search functionality with only Parent Email id <span class="argument">&quot;creinmar2s@netvibes.com&quot;</span> in search page</span>

  <span class="lead-duration duration">5.024</span>

</div>
















      </div>
      <div class="step">


<div class="brief step-name-Then passed">
  <span class="keyword indention">Then</span>
  <span class="name">Verify if user is able to click on Discount link</span>

  <span class="lead-duration duration">0.094</span>

</div>
















      </div>
      <div class="step">


<div class="brief step-name-Then passed">
  <span class="keyword indention">Then</span>
  <span class="name">Verify if user is able to add a discount with Start Date <span class="argument">&quot;1/3/2021&quot;</span> End Date <span class="argument">&quot;31/03/2021&quot;</span> NameRate <span class="argument">&quot;10% Sibling Discount  / 10%&quot;</span> and Order <span class="argument">&quot;&lt;Order&gt;&quot;</span></span>

  <span class="lead-duration duration">18.129</span>

</div>
















      </div>
      <div class="step">


<div class="brief step-name-Then failed">
  <span class="keyword indention">Then</span>
  <span class="name">Logout from redfish and close browser</span>

  <span class="lead-duration duration">0.000</span>

</div>






  <div class="inner-level">
    <div class="message indention">
      <div data-toggle="collapse" class=" collapsable-control" data-target="#msg-9">
          <a>org.openqa.selenium.NoSuchSessionException:</a>
      </div>
      <div id="msg-9" class="collapse collapsable-details  in ">
        <pre>org.openqa.selenium.NoSuchSessionException: Session ID is null. Using WebDriver after calling quit()?
Build info: version: '4.0.0-alpha-3', revision: '8c567de6dc'
System info: host: 'MAMISWKSWX11', ip: '10.37.114.48', os.name: 'Windows 10', os.arch: 'amd64', os.version: '10.0', java.version: '15'
Driver info: driver.version: RemoteWebDriver
	at org.openqa.selenium.remote.HttpCommandExecutor.execute(HttpCommandExecutor.java:128)
	at org.openqa.selenium.remote.service.DriverCommandExecutor.execute(DriverCommandExecutor.java:83)
	at org.openqa.selenium.remote.RemoteWebDriver.execute(RemoteWebDriver.java:576)
	at org.openqa.selenium.remote.RemoteWebDriver.findElement(RemoteWebDriver.java:327)
	at org.openqa.selenium.remote.RemoteWebDriver.findElementByCssSelector(RemoteWebDriver.java:435)
	at org.openqa.selenium.By$ByCssSelector.findElement(By.java:496)
	at org.openqa.selenium.remote.RemoteWebDriver.findElement(RemoteWebDriver.java:319)
	at com.redfishCRM.pageObjects.redfishNewRegisterpage.logout(redfishNewRegisterpage.java:71)
	at stepDefinations.StepDefination.Logout_from_redfish_and_close_browser(StepDefination.java:478)
	at &#10045;.Logout from redfish and close browser(file:///C:/Users/99160101/git/RedfishCRMproject/src/test/java/features/EnquiryManagement.feature:350)
</pre>
      </div>
    </div>
  </div>











      </div>
  </div>
</div>





  </div>
</div>


<div class="element">
    <div class="indention">
      <b>Feature:</b>
      <a href="report-feature_1691774484.html">03.1 Enquiry Management</a>
    </div>


<div class="tags indention">
    <b>Tags:</b>
       <a href="report-tag_454751248.html">@AddDiscounts</a>
       <a href="report-tag_1911707399.html">@AbsenceCN</a>
       <a href="report-tag_2388167675.html">@RegressionMar21</a>
</div>


  <span class="lead-duration duration">36.324</span>


  <span data-toggle="collapse" class=" collapsable-control" data-target="#element-10">

<div class="brief failed">
  <span class="keyword indention">Scenario Outline</span>
  <span class="name">Verify if user is able to add Add Discounts for a child</span>


     <i class="chevron fa fa-fw"></i>
</div>

  </span>
  <div class="description indention"></div>

  <div id="element-10" class="collapse collapsable-details  in ">





<div class="steps inner-level">
  <div data-toggle="collapse" class=" collapsable-control" data-target="#steps-11">

<div class="brief failed">
  <span class="keyword indention">Steps</span>
  <span class="name"></span>


     <i class="chevron fa fa-fw"></i>
</div>

  </div>

  <div id="steps-11" class="inner-level collapse collapsable-details  in ">
      <div class="step">


<div class="brief step-name-Given passed">
  <span class="keyword indention">Given</span>
  <span class="name">Initialize the browser with chrome</span>

  <span class="lead-duration duration">1.509</span>

</div>
















      </div>
      <div class="step">


<div class="brief step-name-And passed">
  <span class="keyword indention">And</span>
  <span class="name">Open Web Application <span class="argument">&quot;redfishUAT&quot;</span></span>

  <span class="lead-duration duration">2.722</span>

</div>
















      </div>
      <div class="step">


<div class="brief step-name-When passed">
  <span class="keyword indention">When</span>
  <span class="name">User enters User Name <span class="argument">&quot;99160101&quot;</span> and Password <span class="argument">&quot;Password01&quot;</span></span>

  <span class="lead-duration duration">1.211</span>

</div>
















      </div>
      <div class="step">


<div class="brief step-name-Then passed">
  <span class="keyword indention">Then</span>
  <span class="name">Verify search functionality with only Parent Name <span class="argument">&quot;vberzins2v@diigo.com&quot;</span> in search page</span>

  <span class="lead-duration duration">4.551</span>

</div>
















      </div>
      <div class="step">


<div class="brief step-name-Then passed">
  <span class="keyword indention">Then</span>
  <span class="name">Verify Child search functionality with only Parent Email id <span class="argument">&quot;vberzins2v@diigo.com&quot;</span> in search page</span>

  <span class="lead-duration duration">5.757</span>

</div>
















      </div>
      <div class="step">


<div class="brief step-name-Then passed">
  <span class="keyword indention">Then</span>
  <span class="name">Verify if user is able to click on Discount link</span>

  <span class="lead-duration duration">0.113</span>

</div>
















      </div>
      <div class="step">


<div class="brief step-name-Then passed">
  <span class="keyword indention">Then</span>
  <span class="name">Verify if user is able to add a discount with Start Date <span class="argument">&quot;1/3/2021&quot;</span> End Date <span class="argument">&quot;31/03/2021&quot;</span> NameRate <span class="argument">&quot;10% Sibling Discount  / 10%&quot;</span> and Order <span class="argument">&quot;&lt;Order&gt;&quot;</span></span>

  <span class="lead-duration duration">20.459</span>

</div>
















      </div>
      <div class="step">


<div class="brief step-name-Then failed">
  <span class="keyword indention">Then</span>
  <span class="name">Logout from redfish and close browser</span>

  <span class="lead-duration duration">0.001</span>

</div>






  <div class="inner-level">
    <div class="message indention">
      <div data-toggle="collapse" class=" collapsable-control" data-target="#msg-12">
          <a>org.openqa.selenium.NoSuchSessionException:</a>
      </div>
      <div id="msg-12" class="collapse collapsable-details  in ">
        <pre>org.openqa.selenium.NoSuchSessionException: Session ID is null. Using WebDriver after calling quit()?
Build info: version: '4.0.0-alpha-3', revision: '8c567de6dc'
System info: host: 'MAMISWKSWX11', ip: '10.37.114.48', os.name: 'Windows 10', os.arch: 'amd64', os.version: '10.0', java.version: '15'
Driver info: driver.version: RemoteWebDriver
	at org.openqa.selenium.remote.HttpCommandExecutor.execute(HttpCommandExecutor.java:128)
	at org.openqa.selenium.remote.service.DriverCommandExecutor.execute(DriverCommandExecutor.java:83)
	at org.openqa.selenium.remote.RemoteWebDriver.execute(RemoteWebDriver.java:576)
	at org.openqa.selenium.remote.RemoteWebDriver.findElement(RemoteWebDriver.java:327)
	at org.openqa.selenium.remote.RemoteWebDriver.findElementByCssSelector(RemoteWebDriver.java:435)
	at org.openqa.selenium.By$ByCssSelector.findElement(By.java:496)
	at org.openqa.selenium.remote.RemoteWebDriver.findElement(RemoteWebDriver.java:319)
	at com.redfishCRM.pageObjects.redfishNewRegisterpage.logout(redfishNewRegisterpage.java:71)
	at stepDefinations.StepDefination.Logout_from_redfish_and_close_browser(StepDefination.java:478)
	at &#10045;.Logout from redfish and close browser(file:///C:/Users/99160101/git/RedfishCRMproject/src/test/java/features/EnquiryManagement.feature:350)
</pre>
      </div>
    </div>
  </div>











      </div>
  </div>
</div>





  </div>
</div>

        </div>

    </div>
  </div>
</div>


<div class="container-fluid">
  <div class="row">
    <div class="col-md-1 col-md-offset-10">
      <i class="fa fa-chevron-circle-down fa-2x collapsable-control"
        onClick="javascript:$('#report .collapsable-details').collapse('show')"></i>
      <i class="fa fa-chevron-circle-up fa-2x collapsable-control"
        onClick="javascript:$('#report .collapsable-details').collapse('hide')"></i>
    </div>
  </div>
</div>

<br/>

<nav class="navbar navbar-default" id="footer">
  <div class="container-fluid">
    <p class="navbar-text navbar-right">
        <small>generate Cucumber HTML reports via:&nbsp;</small>
        <a class="navbar-link" href="https://github.com/jenkinsci/cucumber-reports-plugin">Jenkins Plugin</a> |
        <a class="navbar-link" href="https://github.com/damianszczepanik/cucumber-reporting">Standalone</a> |
        <a class="navbar-link" href="https://github.com/damianszczepanik/cucumber-sandwich">Sandwich</a> |
        <a class="navbar-link" href="https://github.com/damianszczepanik/maven-cucumber-reporting">Maven</a>
        &nbsp;&nbsp;
    </p>
  </div>
</nav>

</body>
</html>
